<?xml version="1.0" encoding="UTF-8"?>
<!-- Generated by org.testng.reporters.JUnitReportReporter -->
<testsuite hostname="LAPTOP-O761MFJJ" failures="0" tests="1" name="testRunners.AddRemoveElementsTests" time="4.961" errors="0" timestamp="2023-05-02T14:28:58 NPT" skipped="0">
  <testcase classname="testRunners.AddRemoveElementsTests" name="addElementTest" time="4.961"/>
  <system-out/>
</testsuite> <!-- testRunners.AddRemoveElementsTests -->
