<?xml version="1.0" encoding="UTF-8"?>
<!-- Generated by org.testng.reporters.JUnitReportReporter -->
<testsuite hostname="LAPTOP-O761MFJJ" failures="0" tests="2" name="testRunners.AddRemoveElementsTests" time="4.832" errors="0" timestamp="2023-05-08T12:18:43 NPT" skipped="0">
  <testcase classname="testRunners.AddRemoveElementsTests" name="addElementTest" time="0.128"/>
  <system-out/>
  <testcase classname="testRunners.AddRemoveElementsTests" name="removeElementTest" time="4.704"/>
  <system-out/>
</testsuite> <!-- testRunners.AddRemoveElementsTests -->
